
Start-Date: 2022-04-19  10:05:32
Commandline: apt-get install --reinstall adduser
Reinstall: adduser:arm64 (3.118ubuntu5)
End-Date: 2022-04-19  10:05:37

Start-Date: 2022-04-19  10:05:43
Commandline: apt-get install --reinstall apt
Reinstall: apt:arm64 (2.4.5)
End-Date: 2022-04-19  10:05:48

Start-Date: 2022-04-19  10:05:55
Commandline: apt-get install --reinstall base-files
Reinstall: base-files:arm64 (12ubuntu4)
End-Date: 2022-04-19  10:06:00

Start-Date: 2022-04-19  10:06:06
Commandline: apt-get install --reinstall base-passwd
Reinstall: base-passwd:arm64 (3.5.52build1)
End-Date: 2022-04-19  10:06:11

Start-Date: 2022-04-19  10:06:17
Commandline: apt-get install --reinstall bash
Reinstall: bash:arm64 (5.1-6ubuntu1)
End-Date: 2022-04-19  10:06:21

Start-Date: 2022-04-19  10:06:28
Commandline: apt-get install --reinstall bsdutils
Reinstall: bsdutils:arm64 (1:2.37.2-4ubuntu3)
End-Date: 2022-04-19  10:06:32

Start-Date: 2022-04-19  10:06:39
Commandline: apt-get install --reinstall coreutils
Reinstall: coreutils:arm64 (8.32-4.1ubuntu1)
End-Date: 2022-04-19  10:06:43

Start-Date: 2022-04-19  10:06:50
Commandline: apt-get install --reinstall dash
Reinstall: dash:arm64 (0.5.11+git20210903+057cd650a4ed-3build1)
End-Date: 2022-04-19  10:06:54

Start-Date: 2022-04-19  10:07:00
Commandline: apt-get install --reinstall debconf
Reinstall: debconf:arm64 (1.5.79ubuntu1)
End-Date: 2022-04-19  10:07:05

Start-Date: 2022-04-19  10:07:11
Commandline: apt-get install --reinstall debianutils
Reinstall: debianutils:arm64 (5.5-1ubuntu2)
End-Date: 2022-04-19  10:07:16

Start-Date: 2022-04-19  10:07:22
Commandline: apt-get install --reinstall diffutils
Reinstall: diffutils:arm64 (1:3.8-0ubuntu2)
End-Date: 2022-04-19  10:07:26

Start-Date: 2022-04-19  10:07:33
Commandline: apt-get install --reinstall dpkg
Reinstall: dpkg:arm64 (1.21.1ubuntu2)
End-Date: 2022-04-19  10:07:38

Start-Date: 2022-04-19  10:07:44
Commandline: apt-get install --reinstall e2fsprogs
Reinstall: e2fsprogs:arm64 (1.46.5-2ubuntu1)
End-Date: 2022-04-19  10:07:48

Start-Date: 2022-04-19  10:07:55
Commandline: apt-get install --reinstall findutils
Reinstall: findutils:arm64 (4.8.0-1ubuntu3)
End-Date: 2022-04-19  10:07:59

Start-Date: 2022-04-19  10:08:06
Commandline: apt-get install --reinstall gcc-12-base:arm64
Reinstall: gcc-12-base:arm64 (12-20220319-1ubuntu1)
End-Date: 2022-04-19  10:08:10

Start-Date: 2022-04-19  10:08:17
Commandline: apt-get install --reinstall gpgv
Reinstall: gpgv:arm64 (2.2.27-3ubuntu2)
End-Date: 2022-04-19  10:08:21

Start-Date: 2022-04-19  10:08:27
Commandline: apt-get install --reinstall grep
Reinstall: grep:arm64 (3.7-1build1)
End-Date: 2022-04-19  10:08:31

Start-Date: 2022-04-19  10:08:38
Commandline: apt-get install --reinstall gzip
Reinstall: gzip:arm64 (1.10-4ubuntu4)
End-Date: 2022-04-19  10:08:42

Start-Date: 2022-04-19  10:08:49
Commandline: apt-get install --reinstall hostname
Reinstall: hostname:arm64 (3.23ubuntu2)
End-Date: 2022-04-19  10:08:53

Start-Date: 2022-04-19  10:08:59
Commandline: apt-get install --reinstall init-system-helpers
Reinstall: init-system-helpers:arm64 (1.62)
End-Date: 2022-04-19  10:09:03

Start-Date: 2022-04-19  10:09:10
Commandline: apt-get install --reinstall libacl1:arm64
Reinstall: libacl1:arm64 (2.3.1-1)
End-Date: 2022-04-19  10:09:14

Start-Date: 2022-04-19  10:09:21
Commandline: apt-get install --reinstall libapt-pkg6.0:arm64
Reinstall: libapt-pkg6.0:arm64 (2.4.5)
End-Date: 2022-04-19  10:09:25

Start-Date: 2022-04-19  10:09:32
Commandline: apt-get install --reinstall libattr1:arm64
Reinstall: libattr1:arm64 (1:2.5.1-1build1)
End-Date: 2022-04-19  10:09:36

Start-Date: 2022-04-19  10:09:43
Commandline: apt-get install --reinstall libaudit-common
Reinstall: libaudit-common:arm64 (1:3.0.7-1build1)
End-Date: 2022-04-19  10:09:47

Start-Date: 2022-04-19  10:09:54
Commandline: apt-get install --reinstall libaudit1:arm64
Reinstall: libaudit1:arm64 (1:3.0.7-1build1)
End-Date: 2022-04-19  10:09:58

Start-Date: 2022-04-19  10:10:05
Commandline: apt-get install --reinstall libblkid1:arm64
Reinstall: libblkid1:arm64 (2.37.2-4ubuntu3)
End-Date: 2022-04-19  10:10:09

Start-Date: 2022-04-19  10:10:15
Commandline: apt-get install --reinstall libbz2-1.0:arm64
Reinstall: libbz2-1.0:arm64 (1.0.8-5build1)
End-Date: 2022-04-19  10:10:19

Start-Date: 2022-04-19  10:10:26
Commandline: apt-get install --reinstall libc-bin
Reinstall: libc-bin:arm64 (2.35-0ubuntu3)
End-Date: 2022-04-19  10:10:30

Start-Date: 2022-04-19  10:10:37
Commandline: apt-get install --reinstall libc6:arm64
Reinstall: libc6:arm64 (2.35-0ubuntu3)
End-Date: 2022-04-19  10:10:43

Start-Date: 2022-04-19  10:10:50
Commandline: apt-get install --reinstall libcap-ng0:arm64
Reinstall: libcap-ng0:arm64 (0.7.9-2.2build3)
End-Date: 2022-04-19  10:10:54

Start-Date: 2022-04-19  10:11:00
Commandline: apt-get install --reinstall libcap2:arm64
Reinstall: libcap2:arm64 (1:2.44-1build3)
End-Date: 2022-04-19  10:11:04

Start-Date: 2022-04-19  10:11:11
Commandline: apt-get install --reinstall libcom-err2:arm64
Reinstall: libcom-err2:arm64 (1.46.5-2ubuntu1)
End-Date: 2022-04-19  10:11:15

Start-Date: 2022-04-19  10:11:22
Commandline: apt-get install --reinstall libcrypt1:arm64
Reinstall: libcrypt1:arm64 (1:4.4.27-1)
End-Date: 2022-04-19  10:11:26

Start-Date: 2022-04-19  10:11:32
Commandline: apt-get install --reinstall libdb5.3:arm64
Reinstall: libdb5.3:arm64 (5.3.28+dfsg1-0.8ubuntu3)
End-Date: 2022-04-19  10:11:37

Start-Date: 2022-04-19  10:11:43
Commandline: apt-get install --reinstall libdebconfclient0:arm64
Reinstall: libdebconfclient0:arm64 (0.261ubuntu1)
End-Date: 2022-04-19  10:11:47

Start-Date: 2022-04-19  10:11:54
Commandline: apt-get install --reinstall libext2fs2:arm64
Reinstall: libext2fs2:arm64 (1.46.5-2ubuntu1)
End-Date: 2022-04-19  10:11:57

Start-Date: 2022-04-19  10:12:04
Commandline: apt-get install --reinstall libffi8:arm64
Reinstall: libffi8:arm64 (3.4.2-4)
End-Date: 2022-04-19  10:12:08

Start-Date: 2022-04-19  10:12:15
Commandline: apt-get install --reinstall libgcc-s1:arm64
Reinstall: libgcc-s1:arm64 (12-20220319-1ubuntu1)
End-Date: 2022-04-19  10:12:19

Start-Date: 2022-04-19  10:12:26
Commandline: apt-get install --reinstall libgcrypt20:arm64
Reinstall: libgcrypt20:arm64 (1.9.4-3ubuntu3)
End-Date: 2022-04-19  10:12:30

Start-Date: 2022-04-19  10:12:36
Commandline: apt-get install --reinstall libgmp10:arm64
Reinstall: libgmp10:arm64 (2:6.2.1+dfsg-3ubuntu1)
End-Date: 2022-04-19  10:12:40

Start-Date: 2022-04-19  10:12:47
Commandline: apt-get install --reinstall libgnutls30:arm64
Reinstall: libgnutls30:arm64 (3.7.3-4ubuntu1)
End-Date: 2022-04-19  10:12:51

Start-Date: 2022-04-19  10:12:58
Commandline: apt-get install --reinstall libgpg-error0:arm64
Reinstall: libgpg-error0:arm64 (1.43-3)
End-Date: 2022-04-19  10:13:02

Start-Date: 2022-04-19  10:13:08
Commandline: apt-get install --reinstall libgssapi-krb5-2:arm64
Reinstall: libgssapi-krb5-2:arm64 (1.19.2-2)
End-Date: 2022-04-19  10:13:13

Start-Date: 2022-04-19  10:13:19
Commandline: apt-get install --reinstall libhogweed6:arm64
Reinstall: libhogweed6:arm64 (3.7.3-1build2)
End-Date: 2022-04-19  10:13:23

Start-Date: 2022-04-19  10:13:30
Commandline: apt-get install --reinstall libidn2-0:arm64
Reinstall: libidn2-0:arm64 (2.3.2-2build1)
End-Date: 2022-04-19  10:13:35

Start-Date: 2022-04-19  10:13:41
Commandline: apt-get install --reinstall libk5crypto3:arm64
Reinstall: libk5crypto3:arm64 (1.19.2-2)
End-Date: 2022-04-19  10:13:45

Start-Date: 2022-04-19  10:13:52
Commandline: apt-get install --reinstall libkeyutils1:arm64
Reinstall: libkeyutils1:arm64 (1.6.1-2ubuntu3)
End-Date: 2022-04-19  10:13:56

Start-Date: 2022-04-19  10:14:03
Commandline: apt-get install --reinstall libkrb5-3:arm64
Reinstall: libkrb5-3:arm64 (1.19.2-2)
End-Date: 2022-04-19  10:14:07

Start-Date: 2022-04-19  10:14:14
Commandline: apt-get install --reinstall libkrb5support0:arm64
Reinstall: libkrb5support0:arm64 (1.19.2-2)
End-Date: 2022-04-19  10:14:18

Start-Date: 2022-04-19  10:14:25
Commandline: apt-get install --reinstall liblz4-1:arm64
Reinstall: liblz4-1:arm64 (1.9.3-2build2)
End-Date: 2022-04-19  10:14:29

Start-Date: 2022-04-19  10:14:36
Commandline: apt-get install --reinstall liblzma5:arm64
Reinstall: liblzma5:arm64 (5.2.5-2ubuntu1)
End-Date: 2022-04-19  10:14:40

Start-Date: 2022-04-19  10:14:47
Commandline: apt-get install --reinstall libmount1:arm64
Reinstall: libmount1:arm64 (2.37.2-4ubuntu3)
End-Date: 2022-04-19  10:14:51

Start-Date: 2022-04-19  10:14:58
Commandline: apt-get install --reinstall libncurses6:arm64
Reinstall: libncurses6:arm64 (6.3-2)
End-Date: 2022-04-19  10:15:01

Start-Date: 2022-04-19  10:15:08
Commandline: apt-get install --reinstall libncursesw6:arm64
Reinstall: libncursesw6:arm64 (6.3-2)
End-Date: 2022-04-19  10:15:11

Start-Date: 2022-04-19  10:15:18
Commandline: apt-get install --reinstall libnettle8:arm64
Reinstall: libnettle8:arm64 (3.7.3-1build2)
End-Date: 2022-04-19  10:15:22

Start-Date: 2022-04-19  10:15:29
Commandline: apt-get install --reinstall libnsl2:arm64
Reinstall: libnsl2:arm64 (1.3.0-2build2)
End-Date: 2022-04-19  10:15:33

Start-Date: 2022-04-19  10:15:40
Commandline: apt-get install --reinstall libp11-kit0:arm64
Reinstall: libp11-kit0:arm64 (0.24.0-6build1)
End-Date: 2022-04-19  10:15:44

Start-Date: 2022-04-19  10:15:51
Commandline: apt-get install --reinstall libpam-modules:arm64
Reinstall: libpam-modules:arm64 (1.4.0-11ubuntu2)
End-Date: 2022-04-19  10:15:55

Start-Date: 2022-04-19  10:16:02
Commandline: apt-get install --reinstall libpam-modules-bin
Reinstall: libpam-modules-bin:arm64 (1.4.0-11ubuntu2)
End-Date: 2022-04-19  10:16:06

Start-Date: 2022-04-19  10:16:13
Commandline: apt-get install --reinstall libpam-runtime
Reinstall: libpam-runtime:arm64 (1.4.0-11ubuntu2)
End-Date: 2022-04-19  10:16:17

Start-Date: 2022-04-19  10:16:24
Commandline: apt-get install --reinstall libpam0g:arm64
Reinstall: libpam0g:arm64 (1.4.0-11ubuntu2)
End-Date: 2022-04-19  10:16:28

Start-Date: 2022-04-19  10:16:35
Commandline: apt-get install --reinstall libpcre2-8-0:arm64
Reinstall: libpcre2-8-0:arm64 (10.39-3build1)
End-Date: 2022-04-19  10:16:39

Start-Date: 2022-04-19  10:16:46
Commandline: apt-get install --reinstall libpcre3:arm64
Reinstall: libpcre3:arm64 (2:8.39-13build5)
End-Date: 2022-04-19  10:16:50

Start-Date: 2022-04-19  10:16:57
Commandline: apt-get install --reinstall libprocps8:arm64
Reinstall: libprocps8:arm64 (2:3.3.17-6ubuntu2)
End-Date: 2022-04-19  10:17:01

Start-Date: 2022-04-19  10:17:08
Commandline: apt-get install --reinstall libseccomp2:arm64
Reinstall: libseccomp2:arm64 (2.5.3-2ubuntu2)
End-Date: 2022-04-19  10:17:12

Start-Date: 2022-04-19  10:17:18
Commandline: apt-get install --reinstall libselinux1:arm64
Reinstall: libselinux1:arm64 (3.3-1build2)
End-Date: 2022-04-19  10:17:23

Start-Date: 2022-04-19  10:17:29
Commandline: apt-get install --reinstall libsemanage-common
Reinstall: libsemanage-common:arm64 (3.3-1build2)
End-Date: 2022-04-19  10:17:34

Start-Date: 2022-04-19  10:17:40
Commandline: apt-get install --reinstall libsemanage2:arm64
Reinstall: libsemanage2:arm64 (3.3-1build2)
End-Date: 2022-04-19  10:17:45

Start-Date: 2022-04-19  10:17:51
Commandline: apt-get install --reinstall libsepol2:arm64
Reinstall: libsepol2:arm64 (3.3-1build1)
End-Date: 2022-04-19  10:17:56

Start-Date: 2022-04-19  10:18:03
Commandline: apt-get install --reinstall libsmartcols1:arm64
Reinstall: libsmartcols1:arm64 (2.37.2-4ubuntu3)
End-Date: 2022-04-19  10:18:07

Start-Date: 2022-04-19  10:18:14
Commandline: apt-get install --reinstall libss2:arm64
Reinstall: libss2:arm64 (1.46.5-2ubuntu1)
End-Date: 2022-04-19  10:18:17

Start-Date: 2022-04-19  10:18:24
Commandline: apt-get install --reinstall libssl3:arm64
Reinstall: libssl3:arm64 (3.0.2-0ubuntu1)
End-Date: 2022-04-19  10:18:28

Start-Date: 2022-04-19  10:18:35
Commandline: apt-get install --reinstall libstdc++6:arm64
Reinstall: libstdc++6:arm64 (12-20220319-1ubuntu1)
End-Date: 2022-04-19  10:18:40

Start-Date: 2022-04-19  10:18:46
Commandline: apt-get install --reinstall libsystemd0:arm64
Reinstall: libsystemd0:arm64 (249.11-0ubuntu3)
End-Date: 2022-04-19  10:18:50

Start-Date: 2022-04-19  10:18:57
Commandline: apt-get install --reinstall libtasn1-6:arm64
Reinstall: libtasn1-6:arm64 (4.18.0-4build1)
End-Date: 2022-04-19  10:19:02

Start-Date: 2022-04-19  10:19:08
Commandline: apt-get install --reinstall libtinfo6:arm64
Reinstall: libtinfo6:arm64 (6.3-2)
End-Date: 2022-04-19  10:19:13

Start-Date: 2022-04-19  10:19:19
Commandline: apt-get install --reinstall libtirpc-common
Reinstall: libtirpc-common:arm64 (1.3.2-2build1)
End-Date: 2022-04-19  10:19:23

Start-Date: 2022-04-19  10:19:30
Commandline: apt-get install --reinstall libtirpc3:arm64
Reinstall: libtirpc3:arm64 (1.3.2-2build1)
End-Date: 2022-04-19  10:19:34

Start-Date: 2022-04-19  10:19:41
Commandline: apt-get install --reinstall libudev1:arm64
Reinstall: libudev1:arm64 (249.11-0ubuntu3)
End-Date: 2022-04-19  10:19:45

Start-Date: 2022-04-19  10:19:52
Commandline: apt-get install --reinstall libunistring2:arm64
Reinstall: libunistring2:arm64 (1.0-1)
End-Date: 2022-04-19  10:19:56

Start-Date: 2022-04-19  10:20:03
Commandline: apt-get install --reinstall libuuid1:arm64
Reinstall: libuuid1:arm64 (2.37.2-4ubuntu3)
End-Date: 2022-04-19  10:20:08

Start-Date: 2022-04-19  10:20:14
Commandline: apt-get install --reinstall libxxhash0:arm64
Reinstall: libxxhash0:arm64 (0.8.1-1)
End-Date: 2022-04-19  10:20:18

Start-Date: 2022-04-19  10:20:25
Commandline: apt-get install --reinstall libzstd1:arm64
Reinstall: libzstd1:arm64 (1.4.8+dfsg-3build1)
End-Date: 2022-04-19  10:20:29

Start-Date: 2022-04-19  10:20:36
Commandline: apt-get install --reinstall login
Reinstall: login:arm64 (1:4.8.1-2ubuntu2)
End-Date: 2022-04-19  10:20:40

Start-Date: 2022-04-19  10:20:47
Commandline: apt-get install --reinstall logsave
Reinstall: logsave:arm64 (1.46.5-2ubuntu1)
End-Date: 2022-04-19  10:20:51

Start-Date: 2022-04-19  10:20:57
Commandline: apt-get install --reinstall lsb-base
Reinstall: lsb-base:arm64 (11.1.0ubuntu4)
End-Date: 2022-04-19  10:21:02

Start-Date: 2022-04-19  10:21:08
Commandline: apt-get install --reinstall mawk
Reinstall: mawk:arm64 (1.3.4.20200120-3)
End-Date: 2022-04-19  10:21:12

Start-Date: 2022-04-19  10:21:19
Commandline: apt-get install --reinstall mount
Reinstall: mount:arm64 (2.37.2-4ubuntu3)
End-Date: 2022-04-19  10:21:22

Start-Date: 2022-04-19  10:21:29
Commandline: apt-get install --reinstall ncurses-base
Reinstall: ncurses-base:arm64 (6.3-2)
End-Date: 2022-04-19  10:21:33

Start-Date: 2022-04-19  10:21:40
Commandline: apt-get install --reinstall ncurses-bin
Reinstall: ncurses-bin:arm64 (6.3-2)
End-Date: 2022-04-19  10:21:44

Start-Date: 2022-04-19  10:21:51
Commandline: apt-get install --reinstall passwd
Reinstall: passwd:arm64 (1:4.8.1-2ubuntu2)
End-Date: 2022-04-19  10:21:55

Start-Date: 2022-04-19  10:22:02
Commandline: apt-get install --reinstall perl-base
Reinstall: perl-base:arm64 (5.34.0-3ubuntu1)
End-Date: 2022-04-19  10:22:06

Start-Date: 2022-04-19  10:22:13
Commandline: apt-get install --reinstall procps
Reinstall: procps:arm64 (2:3.3.17-6ubuntu2)
End-Date: 2022-04-19  10:22:17

Start-Date: 2022-04-19  10:22:23
Commandline: apt-get install --reinstall sed
Reinstall: sed:arm64 (4.8-1ubuntu2)
End-Date: 2022-04-19  10:22:27

Start-Date: 2022-04-19  10:22:34
Commandline: apt-get install --reinstall sensible-utils
Reinstall: sensible-utils:arm64 (0.0.17)
End-Date: 2022-04-19  10:22:38

Start-Date: 2022-04-19  10:22:44
Commandline: apt-get install --reinstall sysvinit-utils
Reinstall: sysvinit-utils:arm64 (3.01-1ubuntu1)
End-Date: 2022-04-19  10:22:48

Start-Date: 2022-04-19  10:22:55
Commandline: apt-get install --reinstall tar
Reinstall: tar:arm64 (1.34+dfsg-1build3)
End-Date: 2022-04-19  10:22:59

Start-Date: 2022-04-19  10:23:06
Commandline: apt-get install --reinstall ubuntu-keyring
Reinstall: ubuntu-keyring:arm64 (2021.03.26)
End-Date: 2022-04-19  10:23:10

Start-Date: 2022-04-19  10:23:17
Commandline: apt-get install --reinstall usrmerge
Reinstall: usrmerge:arm64 (25ubuntu2)
End-Date: 2022-04-19  10:23:20

Start-Date: 2022-04-19  10:23:27
Commandline: apt-get install --reinstall util-linux
Reinstall: util-linux:arm64 (2.37.2-4ubuntu3)
End-Date: 2022-04-19  10:23:32

Start-Date: 2022-04-19  10:23:38
Commandline: apt-get install --reinstall zlib1g:arm64
Reinstall: zlib1g:arm64 (1:1.2.11.dfsg-2ubuntu9)
End-Date: 2022-04-19  10:23:43
